{
  "RSpec": {
    "coverage": {
      "/Users/dylanmeskis/turing/3module/projects/smartchef/spec/models/forecast_spec.rb": [
        1,
        null,
        1,
        1,
        null,
        null
      ],
      "/Users/dylanmeskis/turing/3module/projects/smartchef/spec/rails_helper.rb": [
        null,
        1,
        1,
        1,
        null,
        1,
        1,
        1,
        null,
        1,
        1,
        1,
        1,
        null,
        null,
        null,
        null,
        null,
        null,
        null,
        null,
        null,
        null,
        null,
        null,
        null,
        null,
        null,
        null,
        null,
        null,
        null,
        null,
        null,
        1,
        1,
        null,
        0,
        0,
        null,
        1,
        null,
        1,
        null,
        null,
        null,
        null,
        1,
        null,
        null,
        null,
        null,
        null,
        null,
        null,
        null,
        null,
        null,
        null,
        null,
        null,
        null,
        1,
        null,
        null,
        1,
        null,
        null,
        null
      ],
      "/Users/dylanmeskis/turing/3module/projects/smartchef/config/environment.rb": [
        null,
        1,
        null,
        null,
        1
      ],
      "/Users/dylanmeskis/turing/3module/projects/smartchef/config/application.rb": [
        1,
        null,
        1,
        null,
        null,
        null,
        1,
        null,
        1,
        1,
        null,
        1,
        null,
        null,
        null,
        null,
        null,
        null,
        null
      ],
      "/Users/dylanmeskis/turing/3module/projects/smartchef/config/boot.rb": [
        1,
        null,
        1,
        1
      ],
      "/Users/dylanmeskis/turing/3module/projects/smartchef/config/environments/test.rb": [
        1,
        null,
        null,
        null,
        null,
        null,
        null,
        1,
        null,
        null,
        null,
        null,
        1,
        null,
        null,
        1,
        1,
        null,
        null,
        null,
        null,
        1,
        1,
        null,
        null,
        1,
        null,
        null,
        1,
        null,
        null,
        1,
        null,
        1,
        null,
        null,
        null,
        null,
        1,
        null,
        null,
        1,
        null,
        null,
        null,
        null
      ],
      "/Users/dylanmeskis/turing/3module/projects/smartchef/config/initializers/application_controller_renderer.rb": [
        null,
        null,
        null,
        null,
        null,
        null,
        null,
        null
      ],
      "/Users/dylanmeskis/turing/3module/projects/smartchef/config/initializers/assets.rb": [
        null,
        null,
        null,
        1,
        null,
        null,
        null,
        null,
        1,
        null,
        null,
        null,
        null,
        null
      ],
      "/Users/dylanmeskis/turing/3module/projects/smartchef/config/initializers/backtrace_silencers.rb": [
        null,
        null,
        null,
        null,
        null,
        null,
        null
      ],
      "/Users/dylanmeskis/turing/3module/projects/smartchef/config/initializers/content_security_policy.rb": [
        null,
        null,
        null,
        null,
        null,
        null,
        null,
        null,
        null,
        null,
        null,
        null,
        null,
        null,
        null,
        null,
        null,
        null,
        null,
        null,
        null,
        null,
        null,
        null,
        null
      ],
      "/Users/dylanmeskis/turing/3module/projects/smartchef/config/initializers/cookies_serializer.rb": [
        null,
        null,
        null,
        null,
        1
      ],
      "/Users/dylanmeskis/turing/3module/projects/smartchef/config/initializers/filter_parameter_logging.rb": [
        null,
        null,
        null,
        1
      ],
      "/Users/dylanmeskis/turing/3module/projects/smartchef/config/initializers/inflections.rb": [
        null,
        null,
        null,
        null,
        null,
        null,
        null,
        null,
        null,
        null,
        null,
        null,
        null,
        null,
        null,
        null
      ],
      "/Users/dylanmeskis/turing/3module/projects/smartchef/config/initializers/mime_types.rb": [
        null,
        null,
        null,
        null
      ],
      "/Users/dylanmeskis/turing/3module/projects/smartchef/config/initializers/wrap_parameters.rb": [
        null,
        null,
        null,
        null,
        null,
        null,
        1,
        2,
        null,
        null,
        null,
        null,
        null,
        null
      ],
      "/Users/dylanmeskis/turing/3module/projects/smartchef/spec/factories/users.rb": [
        1,
        1,
        5,
        5,
        null,
        null
      ],
      "/Users/dylanmeskis/turing/3module/projects/smartchef/config/routes.rb": [
        1,
        null,
        1,
        1,
        1,
        1,
        1,
        1,
        null,
        null,
        null
      ],
      "/Users/dylanmeskis/turing/3module/projects/smartchef/app/helpers/application_helper.rb": [
        1,
        null
      ],
      "/Users/dylanmeskis/turing/3module/projects/smartchef/app/models/forecast.rb": [
        1,
        1,
        1,
        null,
        null,
        null,
        null,
        null,
        null,
        null,
        null,
        null,
        null,
        null,
        1,
        null,
        null,
        null,
        null,
        null,
        null,
        null,
        null,
        null,
        null,
        null,
        null,
        1,
        1,
        1,
        1,
        1,
        1,
        1,
        1,
        1,
        1,
        1,
        1,
        1,
        null,
        null,
        null
      ],
      "/Users/dylanmeskis/turing/3module/projects/smartchef/spec/models/user_spec.rb": [
        1,
        null,
        1,
        2,
        2,
        null,
        1,
        1,
        1,
        null,
        null
      ],
      "/Users/dylanmeskis/turing/3module/projects/smartchef/app/models/user.rb": [
        1,
        1,
        1,
        1,
        1,
        null,
        1,
        null,
        1,
        5,
        null,
        null
      ],
      "/Users/dylanmeskis/turing/3module/projects/smartchef/app/models/application_record.rb": [
        1,
        1,
        null
      ],
      "/Users/dylanmeskis/turing/3module/projects/smartchef/spec/requests/api/v1/account_creation_spec.rb": [
        1,
        null,
        1,
        1,
        1,
        null,
        1,
        1,
        1,
        null,
        1,
        1,
        null,
        1,
        1,
        null,
        null,
        null,
        null,
        null,
        null,
        null,
        null,
        null,
        null,
        null,
        null,
        null,
        null,
        null,
        null,
        null,
        null,
        null,
        null,
        null,
        null,
        null,
        null
      ],
      "/Users/dylanmeskis/turing/3module/projects/smartchef/spec/requests/api/v1/account_login_spec.rb": [
        1,
        null,
        1,
        1,
        1,
        1,
        null,
        1,
        1,
        1,
        null,
        1,
        1,
        null,
        1,
        1,
        null,
        null,
        null,
        null,
        null,
        null,
        null,
        null,
        null,
        null,
        null,
        null,
        null,
        null,
        null,
        null,
        null,
        null,
        null,
        null,
        null,
        null,
        null
      ],
      "/Users/dylanmeskis/turing/3module/projects/smartchef/spec/requests/api/v1/background_request_spec.rb": [
        1,
        null,
        1,
        1,
        1,
        null,
        1,
        1,
        1,
        null,
        null
      ],
      "/Users/dylanmeskis/turing/3module/projects/smartchef/spec/requests/api/v1/weather_request_spec.rb": [
        1,
        null,
        1,
        1,
        null,
        1,
        null,
        1,
        null,
        1,
        1,
        1,
        null,
        null,
        null,
        1,
        null,
        null,
        null,
        null,
        null,
        null,
        null,
        null,
        null,
        null,
        null,
        null,
        null,
        null,
        null,
        null,
        null,
        null,
        null,
        null,
        null,
        null,
        null,
        null,
        null,
        null,
        null,
        null,
        null,
        null,
        null,
        null,
        null,
        null,
        null,
        null,
        null,
        null,
        null,
        null,
        null,
        null,
        null,
        null,
        null,
        null,
        null,
        null,
        null,
        null,
        null,
        null,
        null,
        null,
        null,
        null,
        null,
        null,
        null,
        null,
        null,
        null
      ],
      "/Users/dylanmeskis/turing/3module/projects/smartchef/spec/services/darksky_service_spec.rb": [
        1,
        null,
        1,
        1,
        null,
        1,
        null,
        1,
        1,
        1,
        1,
        null,
        null
      ],
      "/Users/dylanmeskis/turing/3module/projects/smartchef/app/services/darksky_service.rb": [
        1,
        null,
        1,
        2,
        null,
        null,
        1,
        null,
        1,
        2,
        2,
        2,
        2,
        null,
        null,
        null,
        1,
        2,
        null,
        null,
        null
      ],
      "/Users/dylanmeskis/turing/3module/projects/smartchef/spec/services/google_geocoding_service_spec.rb": [
        1,
        null,
        1,
        1,
        1,
        1,
        1,
        1,
        1,
        null,
        null
      ],
      "/Users/dylanmeskis/turing/3module/projects/smartchef/app/services/google_geocoding_service.rb": [
        1,
        null,
        1,
        3,
        null,
        null,
        null,
        3,
        null,
        null,
        1,
        null,
        1,
        3,
        3,
        3,
        3,
        null,
        null,
        null,
        1,
        3,
        null,
        null,
        null
      ],
      "/Users/dylanmeskis/turing/3module/projects/smartchef/app/controllers/api/v1/users_controller.rb": [
        1,
        null,
        1,
        2,
        2,
        1,
        null,
        1,
        null,
        null,
        null,
        1,
        1,
        2,
        null,
        null
      ],
      "/Users/dylanmeskis/turing/3module/projects/smartchef/app/controllers/application_controller.rb": [
        1,
        null
      ],
      "/Users/dylanmeskis/turing/3module/projects/smartchef/app/serializers/user_serializer.rb": [
        1,
        1,
        1,
        null
      ],
      "/Users/dylanmeskis/turing/3module/projects/smartchef/app/controllers/api/v1/sessions_controller.rb": [
        1,
        null,
        1,
        2,
        2,
        1,
        null,
        1,
        null,
        null,
        null,
        1,
        1,
        4,
        null,
        null
      ],
      "/Users/dylanmeskis/turing/3module/projects/smartchef/app/controllers/api/v1/backgrounds_controller.rb": [
        1,
        null,
        1,
        1,
        1,
        1,
        null,
        null,
        null
      ],
      "/Users/dylanmeskis/turing/3module/projects/smartchef/app/services/flickr_service.rb": [
        1,
        null,
        1,
        null,
        null,
        null,
        null,
        null,
        null,
        null,
        null,
        null,
        null,
        1,
        null,
        null,
        1,
        null,
        1,
        1,
        1,
        1,
        1,
        null,
        null,
        null,
        1,
        1,
        null,
        null,
        null
      ],
      "/Users/dylanmeskis/turing/3module/projects/smartchef/app/controllers/api/v1/forecast_controller.rb": [
        1,
        1,
        1,
        1,
        1,
        null,
        null,
        1,
        null,
        1,
        1,
        null,
        null
      ],
      "/Users/dylanmeskis/turing/3module/projects/smartchef/app/models/forecast_generator.rb": [
        1,
        null,
        1,
        1,
        null,
        null,
        1,
        1,
        null,
        null,
        1,
        1,
        null,
        null,
        1,
        null,
        1,
        1,
        null,
        null,
        1,
        1,
        null,
        null,
        1,
        1,
        null,
        null
      ],
      "/Users/dylanmeskis/turing/3module/projects/smartchef/app/serializers/forecast_serializer.rb": [
        1,
        1,
        1,
        null,
        null,
        null,
        null,
        null,
        null,
        null,
        null,
        null,
        null,
        1,
        null
      ]
    },
    "timestamp": 1541621602
  }
}
